0 info it worked if it ends with ok
1 verbose cli [ '/usr/local/bin/node',
1 verbose cli   '/usr/local/bin/npm',
1 verbose cli   'install',
1 verbose cli   'classnames' ]
2 info using npm@2.14.7
3 info using node@v4.2.0
4 verbose install initial load of /Users/admin/Desktop/Avadhut Deployment/DevDeployment/SecureMSG/secure-message-webapp/package.json
5 warn package.json secure-message-webapp@0.0.0 No repository field.
6 verbose installManyTop reading scoped package data from /Users/admin/Desktop/Avadhut Deployment/DevDeployment/SecureMSG/secure-message-webapp/node_modules/autosize/package.json
7 verbose installManyTop reading scoped package data from /Users/admin/Desktop/Avadhut Deployment/DevDeployment/SecureMSG/secure-message-webapp/node_modules/axios/package.json
8 verbose installManyTop reading scoped package data from /Users/admin/Desktop/Avadhut Deployment/DevDeployment/SecureMSG/secure-message-webapp/node_modules/babel-core/package.json
9 verbose installManyTop reading scoped package data from /Users/admin/Desktop/Avadhut Deployment/DevDeployment/SecureMSG/secure-message-webapp/node_modules/babel-loader/package.json
10 verbose installManyTop reading scoped package data from /Users/admin/Desktop/Avadhut Deployment/DevDeployment/SecureMSG/secure-message-webapp/node_modules/babel-plugin-add-module-exports/package.json
11 verbose installManyTop reading scoped package data from /Users/admin/Desktop/Avadhut Deployment/DevDeployment/SecureMSG/secure-message-webapp/node_modules/babel-plugin-react-html-attrs/package.json
12 verbose installManyTop reading scoped package data from /Users/admin/Desktop/Avadhut Deployment/DevDeployment/SecureMSG/secure-message-webapp/node_modules/babel-plugin-transform-class-properties/package.json
13 verbose installManyTop reading scoped package data from /Users/admin/Desktop/Avadhut Deployment/DevDeployment/SecureMSG/secure-message-webapp/node_modules/babel-plugin-transform-decorators-legacy/package.json
14 verbose installManyTop reading scoped package data from /Users/admin/Desktop/Avadhut Deployment/DevDeployment/SecureMSG/secure-message-webapp/node_modules/babel-polyfill/package.json
15 verbose installManyTop reading scoped package data from /Users/admin/Desktop/Avadhut Deployment/DevDeployment/SecureMSG/secure-message-webapp/node_modules/babel-preset-es2015/package.json
16 verbose installManyTop reading scoped package data from /Users/admin/Desktop/Avadhut Deployment/DevDeployment/SecureMSG/secure-message-webapp/node_modules/babel-preset-react/package.json
17 verbose installManyTop reading scoped package data from /Users/admin/Desktop/Avadhut Deployment/DevDeployment/SecureMSG/secure-message-webapp/node_modules/babel-preset-stage-0/package.json
18 verbose installManyTop reading scoped package data from /Users/admin/Desktop/Avadhut Deployment/DevDeployment/SecureMSG/secure-message-webapp/node_modules/css-loader/package.json
19 verbose installManyTop reading scoped package data from /Users/admin/Desktop/Avadhut Deployment/DevDeployment/SecureMSG/secure-message-webapp/node_modules/extract-text-webpack-plugin/package.json
20 verbose installManyTop reading scoped package data from /Users/admin/Desktop/Avadhut Deployment/DevDeployment/SecureMSG/secure-message-webapp/node_modules/file-loader/package.json
21 verbose installManyTop reading scoped package data from /Users/admin/Desktop/Avadhut Deployment/DevDeployment/SecureMSG/secure-message-webapp/node_modules/json-loader/package.json
22 verbose installManyTop reading scoped package data from /Users/admin/Desktop/Avadhut Deployment/DevDeployment/SecureMSG/secure-message-webapp/node_modules/key-mirror/package.json
23 verbose installManyTop reading scoped package data from /Users/admin/Desktop/Avadhut Deployment/DevDeployment/SecureMSG/secure-message-webapp/node_modules/lodash/package.json
24 verbose installManyTop reading scoped package data from /Users/admin/Desktop/Avadhut Deployment/DevDeployment/SecureMSG/secure-message-webapp/node_modules/node-sass/package.json
25 verbose installManyTop reading scoped package data from /Users/admin/Desktop/Avadhut Deployment/DevDeployment/SecureMSG/secure-message-webapp/node_modules/prop-types/package.json
26 verbose installManyTop reading scoped package data from /Users/admin/Desktop/Avadhut Deployment/DevDeployment/SecureMSG/secure-message-webapp/node_modules/react/package.json
27 verbose installManyTop reading scoped package data from /Users/admin/Desktop/Avadhut Deployment/DevDeployment/SecureMSG/secure-message-webapp/node_modules/react-bootstrap/package.json
28 verbose installManyTop reading scoped package data from /Users/admin/Desktop/Avadhut Deployment/DevDeployment/SecureMSG/secure-message-webapp/node_modules/react-bootstrap-modal/package.json
29 verbose installManyTop reading scoped package data from /Users/admin/Desktop/Avadhut Deployment/DevDeployment/SecureMSG/secure-message-webapp/node_modules/react-dom/package.json
30 verbose installManyTop reading scoped package data from /Users/admin/Desktop/Avadhut Deployment/DevDeployment/SecureMSG/secure-message-webapp/node_modules/react-hot-loader/package.json
31 verbose installManyTop reading scoped package data from /Users/admin/Desktop/Avadhut Deployment/DevDeployment/SecureMSG/secure-message-webapp/node_modules/react-redux/package.json
32 verbose installManyTop reading scoped package data from /Users/admin/Desktop/Avadhut Deployment/DevDeployment/SecureMSG/secure-message-webapp/node_modules/react-router/package.json
33 verbose installManyTop reading scoped package data from /Users/admin/Desktop/Avadhut Deployment/DevDeployment/SecureMSG/secure-message-webapp/node_modules/react-router-dom/package.json
34 verbose installManyTop reading scoped package data from /Users/admin/Desktop/Avadhut Deployment/DevDeployment/SecureMSG/secure-message-webapp/node_modules/redux/package.json
35 verbose installManyTop reading scoped package data from /Users/admin/Desktop/Avadhut Deployment/DevDeployment/SecureMSG/secure-message-webapp/node_modules/redux-logger/package.json
36 verbose installManyTop reading scoped package data from /Users/admin/Desktop/Avadhut Deployment/DevDeployment/SecureMSG/secure-message-webapp/node_modules/redux-promise-middleware/package.json
37 verbose installManyTop reading scoped package data from /Users/admin/Desktop/Avadhut Deployment/DevDeployment/SecureMSG/secure-message-webapp/node_modules/redux-thunk/package.json
38 verbose installManyTop reading scoped package data from /Users/admin/Desktop/Avadhut Deployment/DevDeployment/SecureMSG/secure-message-webapp/node_modules/sass-loader/package.json
39 verbose installManyTop reading scoped package data from /Users/admin/Desktop/Avadhut Deployment/DevDeployment/SecureMSG/secure-message-webapp/node_modules/style-loader/package.json
40 verbose installManyTop reading scoped package data from /Users/admin/Desktop/Avadhut Deployment/DevDeployment/SecureMSG/secure-message-webapp/node_modules/uglifyjs-webpack-plugin/package.json
41 verbose installManyTop reading scoped package data from /Users/admin/Desktop/Avadhut Deployment/DevDeployment/SecureMSG/secure-message-webapp/node_modules/url-loader/package.json
42 verbose installManyTop reading scoped package data from /Users/admin/Desktop/Avadhut Deployment/DevDeployment/SecureMSG/secure-message-webapp/node_modules/webpack/package.json
43 verbose installManyTop reading scoped package data from /Users/admin/Desktop/Avadhut Deployment/DevDeployment/SecureMSG/secure-message-webapp/node_modules/webpack-dev-server/package.json
44 verbose readDependencies loading dependencies from /Users/admin/Desktop/Avadhut Deployment/DevDeployment/SecureMSG/secure-message-webapp/package.json
45 silly cache add args [ 'classnames', null ]
46 verbose cache add spec classnames
47 silly cache add parsed spec Result {
47 silly cache add   raw: 'classnames',
47 silly cache add   scope: null,
47 silly cache add   name: 'classnames',
47 silly cache add   rawSpec: '',
47 silly cache add   spec: '*',
47 silly cache add   type: 'range' }
48 silly addNamed classnames@*
49 verbose addNamed "*" is a valid semver range for classnames
50 silly addNameRange { name: 'classnames', range: '*', hasData: false }
51 silly mapToRegistry name classnames
52 silly mapToRegistry using default registry
53 silly mapToRegistry registry https://registry.npmjs.org/
54 silly mapToRegistry uri https://registry.npmjs.org/classnames
55 verbose addNameRange registry:https://registry.npmjs.org/classnames not in flight; fetching
56 verbose request uri https://registry.npmjs.org/classnames
57 verbose request no auth needed
58 info attempt registry request try #1 at 10:49:57 PM
59 verbose request id aab7fdc350520b7d
60 verbose etag W/"5a095cf1-8610"
61 verbose lastModified Mon, 13 Nov 2017 08:50:57 GMT
62 http request GET https://registry.npmjs.org/classnames
63 http 200 https://registry.npmjs.org/classnames
64 verbose headers { server: 'nginx/1.10.1',
64 verbose headers   'content-type': 'application/json',
64 verbose headers   'last-modified': 'Thu, 16 Nov 2017 14:49:26 GMT',
64 verbose headers   etag: 'W/"5a0da576-8644"',
64 verbose headers   'content-encoding': 'gzip',
64 verbose headers   'cache-control': 'max-age=300',
64 verbose headers   'content-length': '6850',
64 verbose headers   'accept-ranges': 'bytes',
64 verbose headers   date: 'Wed, 22 Nov 2017 22:37:38 GMT',
64 verbose headers   via: '1.1 varnish',
64 verbose headers   age: '272',
64 verbose headers   connection: 'keep-alive',
64 verbose headers   'x-served-by': 'cache-lcy19231-LCY',
64 verbose headers   'x-cache': 'HIT',
64 verbose headers   'x-cache-hits': '1',
64 verbose headers   'x-timer': 'S1511390258.158588,VS0,VE0',
64 verbose headers   vary: 'Accept-Encoding, Accept' }
65 silly get cb [ 200,
65 silly get   { server: 'nginx/1.10.1',
65 silly get     'content-type': 'application/json',
65 silly get     'last-modified': 'Thu, 16 Nov 2017 14:49:26 GMT',
65 silly get     etag: 'W/"5a0da576-8644"',
65 silly get     'content-encoding': 'gzip',
65 silly get     'cache-control': 'max-age=300',
65 silly get     'content-length': '6850',
65 silly get     'accept-ranges': 'bytes',
65 silly get     date: 'Wed, 22 Nov 2017 22:37:38 GMT',
65 silly get     via: '1.1 varnish',
65 silly get     age: '272',
65 silly get     connection: 'keep-alive',
65 silly get     'x-served-by': 'cache-lcy19231-LCY',
65 silly get     'x-cache': 'HIT',
65 silly get     'x-cache-hits': '1',
65 silly get     'x-timer': 'S1511390258.158588,VS0,VE0',
65 silly get     vary: 'Accept-Encoding, Accept' } ]
66 verbose get saving classnames to /Users/admin/.npm/registry.npmjs.org/classnames/.cache.json
67 silly addNameRange number 2 { name: 'classnames', range: '*', hasData: true }
68 silly addNameRange versions [ 'classnames',
68 silly addNameRange   [ '1.0.0',
68 silly addNameRange     '1.1.0',
68 silly addNameRange     '1.1.1',
68 silly addNameRange     '1.1.2',
68 silly addNameRange     '1.1.3',
68 silly addNameRange     '1.1.4',
68 silly addNameRange     '1.2.0',
68 silly addNameRange     '1.2.1',
68 silly addNameRange     '1.2.2',
68 silly addNameRange     '2.0.0',
68 silly addNameRange     '2.1.0',
68 silly addNameRange     '2.1.1',
68 silly addNameRange     '2.1.2',
68 silly addNameRange     '2.1.3',
68 silly addNameRange     '2.1.4',
68 silly addNameRange     '2.1.5',
68 silly addNameRange     '2.2.0',
68 silly addNameRange     '2.2.1',
68 silly addNameRange     '2.2.2',
68 silly addNameRange     '2.2.3',
68 silly addNameRange     '2.2.4',
68 silly addNameRange     '2.2.5' ] ]
69 silly addNamed classnames@2.2.5
70 verbose addNamed "2.2.5" is a plain semver version for classnames
71 silly cache afterAdd classnames@2.2.5
72 verbose afterAdd /Users/admin/.npm/classnames/2.2.5/package/package.json not in flight; writing
73 verbose afterAdd /Users/admin/.npm/classnames/2.2.5/package/package.json written
74 silly install resolved [ { name: 'classnames',
74 silly install resolved     version: '2.2.5',
74 silly install resolved     description: 'A simple utility for conditionally joining classNames together',
74 silly install resolved     main: 'index.js',
74 silly install resolved     author: { name: 'Jed Watson' },
74 silly install resolved     license: 'MIT',
74 silly install resolved     repository:
74 silly install resolved      { type: 'git',
74 silly install resolved        url: 'git+https://github.com/JedWatson/classnames.git' },
74 silly install resolved     scripts:
74 silly install resolved      { benchmarks: 'node ./benchmarks/run',
74 silly install resolved        unit: 'mocha tests/*.js',
74 silly install resolved        test: 'npm run unit' },
74 silly install resolved     keywords:
74 silly install resolved      [ 'react',
74 silly install resolved        'css',
74 silly install resolved        'classes',
74 silly install resolved        'classname',
74 silly install resolved        'classnames',
74 silly install resolved        'util',
74 silly install resolved        'utility' ],
74 silly install resolved     devDependencies: { benchmark: '^1.0.0', mocha: '^2.1.0' },
74 silly install resolved     gitHead: '1fc62c0490bfc7d67a1178bbb60897cfa0580c7b',
74 silly install resolved     bugs: { url: 'https://github.com/JedWatson/classnames/issues' },
74 silly install resolved     homepage: 'https://github.com/JedWatson/classnames#readme',
74 silly install resolved     _id: 'classnames@2.2.5',
74 silly install resolved     _shasum: 'fb3801d453467649ef3603c7d61a02bd129bde6d',
74 silly install resolved     _from: 'classnames@*',
74 silly install resolved     _npmVersion: '3.3.6',
74 silly install resolved     _nodeVersion: '5.0.0',
74 silly install resolved     _npmUser: { name: 'jedwatson', email: 'jed.watson@me.com' },
74 silly install resolved     maintainers: [ [Object] ],
74 silly install resolved     dist:
74 silly install resolved      { shasum: 'fb3801d453467649ef3603c7d61a02bd129bde6d',
74 silly install resolved        tarball: 'https://registry.npmjs.org/classnames/-/classnames-2.2.5.tgz' },
74 silly install resolved     _npmOperationalInternal:
74 silly install resolved      { host: 'packages-12-west.internal.npmjs.com',
74 silly install resolved        tmp: 'tmp/classnames-2.2.5.tgz_1462195436082_0.17347457958385348' },
74 silly install resolved     directories: {},
74 silly install resolved     _resolved: 'https://registry.npmjs.org/classnames/-/classnames-2.2.5.tgz',
74 silly install resolved     readme: 'ERROR: No README data found!' } ]
75 info install classnames@2.2.5 into /Users/admin/Desktop/Avadhut Deployment/DevDeployment/SecureMSG/secure-message-webapp
76 info installOne classnames@2.2.5
77 verbose installOne of classnames to /Users/admin/Desktop/Avadhut Deployment/DevDeployment/SecureMSG/secure-message-webapp not in flight; installing
78 verbose lock using /Users/admin/.npm/_locks/classnames-3c478a5fe0e77f3f.lock for /Users/admin/Desktop/Avadhut Deployment/DevDeployment/SecureMSG/secure-message-webapp/node_modules/classnames
79 silly install write writing classnames 2.2.5 to /Users/admin/Desktop/Avadhut Deployment/DevDeployment/SecureMSG/secure-message-webapp/node_modules/classnames
80 verbose unbuild node_modules/classnames
81 silly gentlyRm /Users/admin/Desktop/Avadhut Deployment/DevDeployment/SecureMSG/secure-message-webapp/node_modules/classnames is being purged from base /Users/admin/Desktop/Avadhut Deployment/DevDeployment/SecureMSG/secure-message-webapp
82 verbose gentlyRm don't care about contents; nuking /Users/admin/Desktop/Avadhut Deployment/DevDeployment/SecureMSG/secure-message-webapp/node_modules/classnames
83 verbose tar unpack /Users/admin/.npm/classnames/2.2.5/package.tgz
84 verbose tar unpacking to /Users/admin/Desktop/Avadhut Deployment/DevDeployment/SecureMSG/secure-message-webapp/node_modules/classnames
85 silly gentlyRm /Users/admin/Desktop/Avadhut Deployment/DevDeployment/SecureMSG/secure-message-webapp/node_modules/classnames is being purged
86 verbose gentlyRm don't care about contents; nuking /Users/admin/Desktop/Avadhut Deployment/DevDeployment/SecureMSG/secure-message-webapp/node_modules/classnames
87 silly gunzTarPerm modes [ '755', '644' ]
88 silly gunzTarPerm extractEntry package.json
89 silly gunzTarPerm extractEntry README.md
90 silly gunzTarPerm extractEntry LICENSE
91 silly gunzTarPerm extractEntry bind.js
92 silly gunzTarPerm extractEntry dedupe.js
93 silly gunzTarPerm extractEntry index.js
94 silly gunzTarPerm extractEntry CONTRIBUTING.md
95 silly gunzTarPerm extractEntry bower.json
96 silly gunzTarPerm extractEntry HISTORY.md
97 verbose write writing to /Users/admin/Desktop/Avadhut Deployment/DevDeployment/SecureMSG/secure-message-webapp/node_modules/classnames/package.json
98 info preinstall classnames@2.2.5
99 verbose readDependencies loading dependencies from /Users/admin/Desktop/Avadhut Deployment/DevDeployment/SecureMSG/secure-message-webapp/node_modules/classnames/package.json
100 verbose readDependencies loading dependencies from /Users/admin/Desktop/Avadhut Deployment/DevDeployment/SecureMSG/secure-message-webapp/node_modules/classnames/package.json
101 silly install resolved []
102 verbose about to build /Users/admin/Desktop/Avadhut Deployment/DevDeployment/SecureMSG/secure-message-webapp/node_modules/classnames
103 info build /Users/admin/Desktop/Avadhut Deployment/DevDeployment/SecureMSG/secure-message-webapp/node_modules/classnames
104 info linkStuff classnames@2.2.5
105 silly linkStuff classnames@2.2.5 has /Users/admin/Desktop/Avadhut Deployment/DevDeployment/SecureMSG/secure-message-webapp/node_modules as its parent node_modules
106 verbose linkBins classnames@2.2.5
107 verbose linkMans classnames@2.2.5
108 verbose rebuildBundles classnames@2.2.5
109 info install classnames@2.2.5
110 info postinstall classnames@2.2.5
111 verbose unlock done using /Users/admin/.npm/_locks/classnames-3c478a5fe0e77f3f.lock for /Users/admin/Desktop/Avadhut Deployment/DevDeployment/SecureMSG/secure-message-webapp/node_modules/classnames
112 verbose validateInstall loading /Users/admin/Desktop/Avadhut Deployment/DevDeployment/SecureMSG/secure-message-webapp/package.json for validation
113 verbose stack Error: The package webpack@3.8.1 does not satisfy its siblings' peerDependencies requirements!
113 verbose stack     at /usr/local/lib/node_modules/npm/lib/install.js:125:32
113 verbose stack     at /usr/local/lib/node_modules/npm/lib/install.js:268:7
113 verbose stack     at /usr/local/lib/node_modules/npm/node_modules/read-installed/read-installed.js:142:5
113 verbose stack     at /usr/local/lib/node_modules/npm/node_modules/read-installed/read-installed.js:263:14
113 verbose stack     at cb (/usr/local/lib/node_modules/npm/node_modules/slide/lib/async-map.js:47:24)
113 verbose stack     at /usr/local/lib/node_modules/npm/node_modules/read-installed/read-installed.js:263:14
113 verbose stack     at cb (/usr/local/lib/node_modules/npm/node_modules/slide/lib/async-map.js:47:24)
113 verbose stack     at /usr/local/lib/node_modules/npm/node_modules/read-installed/read-installed.js:263:14
113 verbose stack     at cb (/usr/local/lib/node_modules/npm/node_modules/slide/lib/async-map.js:47:24)
113 verbose stack     at /usr/local/lib/node_modules/npm/node_modules/read-installed/read-installed.js:263:14
114 verbose cwd /Users/admin/Desktop/Avadhut Deployment/DevDeployment/SecureMSG/secure-message-webapp
115 error Darwin 15.6.0
116 error argv "/usr/local/bin/node" "/usr/local/bin/npm" "install" "classnames"
117 error node v4.2.0
118 error npm  v2.14.7
119 error code EPEERINVALID
120 error peerinvalid The package webpack@3.8.1 does not satisfy its siblings' peerDependencies requirements!
120 error peerinvalid Peer extract-text-webpack-plugin@3.0.2 wants webpack@^3.1.0
120 error peerinvalid Peer file-loader@1.1.5 wants webpack@^2.0.0 || ^3.0.0
120 error peerinvalid Peer sass-loader@6.0.6 wants webpack@^2.0.0 || >= 3.0.0-rc.0 || ^3.0.0
120 error peerinvalid Peer babel-loader@6.4.1 wants webpack@1 || 2 || ^2.1.0-beta || ^2.2.0-rc
120 error peerinvalid Peer uglifyjs-webpack-plugin@1.0.1 wants webpack@^2.0.0 || ^3.0.0
120 error peerinvalid Peer webpack-dev-server@2.9.4 wants webpack@^2.2.0 || ^3.0.0
121 verbose exit [ 1, true ]
